<?xml version="1.0" encoding="utf-8"?><testsuites name="pytest tests"><testsuite name="pytest" errors="0" failures="0" skipped="0" tests="35" time="2.007" timestamp="2026-05-28T07:09:07.664363+00:00" hostname="agent-env-0934f3a6-5b37-4d4d-8309-1f484fd57a87"><testcase classname="tests.test_rojgaar_api" name="test_health" time="0.193" /><testcase classname="tests.test_rojgaar_api.TestAuth" name="test_send_otp_worker" time="0.048" /><testcase classname="tests.test_rojgaar_api.TestAuth" name="test_send_otp_business" time="0.047" /><testcase classname="tests.test_rojgaar_api.TestAuth" name="test_send_otp_partner" time="0.044" /><testcase classname="tests.test_rojgaar_api.TestAuth" name="test_verify_otp_worker_creates" time="0.050" /><testcase classname="tests.test_rojgaar_api.TestAuth" name="test_verify_otp_business_demo" time="0.045" /><testcase classname="tests.test_rojgaar_api.TestAuth" name="test_verify_otp_partner_demo" time="0.044" /><testcase classname="tests.test_rojgaar_api.TestAuth" name="test_verify_otp_rejects_non_4_digit[123]" time="0.043" /><testcase classname="tests.test_rojgaar_api.TestAuth" name="test_verify_otp_rejects_non_4_digit[12345]" time="0.046" /><testcase classname="tests.test_rojgaar_api.TestAuth" name="test_verify_otp_rejects_non_4_digit[abcd]" time="0.045" /><testcase classname="tests.test_rojgaar_api.TestAuth" name="test_verify_otp_rejects_non_4_digit[]" time="0.059" /><testcase classname="tests.test_rojgaar_api.TestJobs" name="test_list_jobs_has_11_and_test_job" time="0.047" /><testcase classname="tests.test_rojgaar_api.TestJobs" name="test_filter_by_city" time="0.045" /><testcase classname="tests.test_rojgaar_api.TestJobs" name="test_filter_by_industry" time="0.045" /><testcase classname="tests.test_rojgaar_api.TestJobs" name="test_filter_by_job_type" time="0.045" /><testcase classname="tests.test_rojgaar_api.TestJobs" name="test_filter_by_salary" time="0.044" /><testcase classname="tests.test_rojgaar_api.TestJobs" name="test_filter_by_search" time="0.043" /><testcase classname="tests.test_rojgaar_api.TestJobs" name="test_get_job_by_id" time="0.044" /><testcase classname="tests.test_rojgaar_api.TestJobs" name="test_get_job_404" time="0.045" /><testcase classname="tests.test_rojgaar_api.TestJobs" name="test_create_job" time="0.089" /><testcase classname="tests.test_rojgaar_api.TestWorkers" name="test_patch_worker_updates_strength" time="0.044" /><testcase classname="tests.test_rojgaar_api.TestApplications" name="test_create_application" time="0.056" /><testcase classname="tests.test_rojgaar_api.TestApplications" name="test_application_idempotent" time="0.089" /><testcase classname="tests.test_rojgaar_api.TestApplications" name="test_list_applications_with_job" time="0.065" /><testcase classname="tests.test_rojgaar_api.TestSavedJobs" name="test_save_job" time="0.056" /><testcase classname="tests.test_rojgaar_api.TestSavedJobs" name="test_list_saved" time="0.045" /><testcase classname="tests.test_rojgaar_api.TestSavedJobs" name="test_unsave_job" time="0.093" /><testcase classname="tests.test_rojgaar_api.TestBusiness" name="test_business_stats" time="0.047" /><testcase classname="tests.test_rojgaar_api.TestBusiness" name="test_business_jobs" time="0.047" /><testcase classname="tests.test_rojgaar_api.TestPartner" name="test_partner_stats" time="0.047" /><testcase classname="tests.test_rojgaar_api.TestPartner" name="test_partner_candidates" time="0.045" /><testcase classname="tests.test_rojgaar_api.TestPartner" name="test_add_partner_candidate" time="0.043" /><testcase classname="tests.test_rojgaar_api.TestMeta" name="test_cities" time="0.043" /><testcase classname="tests.test_rojgaar_api.TestMeta" name="test_industries" time="0.043" /><testcase classname="tests.test_rojgaar_api.TestMeta" name="test_skills" time="0.042" /></testsuite></testsuites>