<?xml version="1.0" encoding="utf-8"?><testsuites name="pytest tests"><testsuite name="pytest" errors="0" failures="0" skipped="0" tests="47" time="3.097" timestamp="2026-05-28T07:54:46.777580+00:00" hostname="agent-env-0934f3a6-5b37-4d4d-8309-1f484fd57a87"><testcase classname="backend.tests.test_iteration2.TestWorkerGenderAge" name="test_new_worker_has_gender_age_keys" time="0.138" /><testcase classname="backend.tests.test_iteration2.TestWorkerGenderAge" name="test_patch_only_gender_age_name" time="0.049" /><testcase classname="backend.tests.test_iteration2.TestWorkerGenderAge" name="test_full_profile_strength_uses_9_fields" time="0.045" /><testcase classname="backend.tests.test_iteration2.TestWorkerGenderAge" name="test_get_worker_persists_gender_age" time="0.048" /><testcase classname="backend.tests.test_iteration2.TestWorkerGenderAge" name="test_patch_language_works" time="0.095" /><testcase classname="backend.tests.test_iteration2.TestJobTranslations" name="test_all_seeded_jobs_have_translations" time="0.046" /><testcase classname="backend.tests.test_iteration2.TestJobTranslations" name="test_hindi_titles_match" time="0.049" /><testcase classname="backend.tests.test_iteration2.TestJobTranslations" name="test_kannada_titles_match" time="0.045" /><testcase classname="backend.tests.test_iteration2.TestJobTranslations" name="test_requirements_translated_as_list" time="0.049" /><testcase classname="backend.tests.test_iteration2.TestJobTranslations" name="test_get_job_by_id_includes_translations" time="0.091" /><testcase classname="backend.tests.test_iteration2.TestCallButtonApplication" name="test_call_creates_application" time="0.138" /><testcase classname="backend.tests.test_iteration2.TestCallButtonApplication" name="test_application_count_grows_per_distinct_job" time="0.264" /><testcase classname="backend.tests.test_rojgaar_api" name="test_health" time="0.125" /><testcase classname="backend.tests.test_rojgaar_api.TestAuth" name="test_send_otp_worker" time="0.045" /><testcase classname="backend.tests.test_rojgaar_api.TestAuth" name="test_send_otp_business" time="0.043" /><testcase classname="backend.tests.test_rojgaar_api.TestAuth" name="test_send_otp_partner" time="0.045" /><testcase classname="backend.tests.test_rojgaar_api.TestAuth" name="test_verify_otp_worker_creates" time="0.047" /><testcase classname="backend.tests.test_rojgaar_api.TestAuth" name="test_verify_otp_business_demo" time="0.045" /><testcase classname="backend.tests.test_rojgaar_api.TestAuth" name="test_verify_otp_partner_demo" time="0.047" /><testcase classname="backend.tests.test_rojgaar_api.TestAuth" name="test_verify_otp_rejects_non_4_digit[123]" time="0.046" /><testcase classname="backend.tests.test_rojgaar_api.TestAuth" name="test_verify_otp_rejects_non_4_digit[12345]" time="0.047" /><testcase classname="backend.tests.test_rojgaar_api.TestAuth" name="test_verify_otp_rejects_non_4_digit[abcd]" time="0.044" /><testcase classname="backend.tests.test_rojgaar_api.TestAuth" name="test_verify_otp_rejects_non_4_digit[]" time="0.044" /><testcase classname="backend.tests.test_rojgaar_api.TestJobs" name="test_list_jobs_has_11_and_test_job" time="0.053" /><testcase classname="backend.tests.test_rojgaar_api.TestJobs" name="test_filter_by_city" time="0.058" /><testcase classname="backend.tests.test_rojgaar_api.TestJobs" name="test_filter_by_industry" time="0.046" /><testcase classname="backend.tests.test_rojgaar_api.TestJobs" name="test_filter_by_job_type" time="0.045" /><testcase classname="backend.tests.test_rojgaar_api.TestJobs" name="test_filter_by_salary" time="0.047" /><testcase classname="backend.tests.test_rojgaar_api.TestJobs" name="test_filter_by_search" time="0.045" /><testcase classname="backend.tests.test_rojgaar_api.TestJobs" name="test_get_job_by_id" time="0.046" /><testcase classname="backend.tests.test_rojgaar_api.TestJobs" name="test_get_job_404" time="0.046" /><testcase classname="backend.tests.test_rojgaar_api.TestJobs" name="test_create_job" time="0.094" /><testcase classname="backend.tests.test_rojgaar_api.TestWorkers" name="test_patch_worker_updates_strength" time="0.135" /><testcase classname="backend.tests.test_rojgaar_api.TestApplications" name="test_create_application" time="0.045" /><testcase classname="backend.tests.test_rojgaar_api.TestApplications" name="test_application_idempotent" time="0.088" /><testcase classname="backend.tests.test_rojgaar_api.TestApplications" name="test_list_applications_with_job" time="0.045" /><testcase classname="backend.tests.test_rojgaar_api.TestSavedJobs" name="test_save_job" time="0.046" /><testcase classname="backend.tests.test_rojgaar_api.TestSavedJobs" name="test_list_saved" time="0.051" /><testcase classname="backend.tests.test_rojgaar_api.TestSavedJobs" name="test_unsave_job" time="0.091" /><testcase classname="backend.tests.test_rojgaar_api.TestBusiness" name="test_business_stats" time="0.049" /><testcase classname="backend.tests.test_rojgaar_api.TestBusiness" name="test_business_jobs" time="0.047" /><testcase classname="backend.tests.test_rojgaar_api.TestPartner" name="test_partner_stats" time="0.049" /><testcase classname="backend.tests.test_rojgaar_api.TestPartner" name="test_partner_candidates" time="0.049" /><testcase classname="backend.tests.test_rojgaar_api.TestPartner" name="test_add_partner_candidate" time="0.048" /><testcase classname="backend.tests.test_rojgaar_api.TestMeta" name="test_cities" time="0.044" /><testcase classname="backend.tests.test_rojgaar_api.TestMeta" name="test_industries" time="0.045" /><testcase classname="backend.tests.test_rojgaar_api.TestMeta" name="test_skills" time="0.044" /></testsuite></testsuites>